CRITICAL - 2024-03-07 04:04:38 --> ErrorException: Undefined variable $title
in APPPATH\Views\layout\header.php on line 11.
 1 APPPATH\Views\layout\header.php(11): CodeIgniter\Debug\Exceptions->errorHandler(2, 'Undefined variable $title', 'C:\\xampp\\htdocs\\ci4_agungdumadi\\app\\Views\\layout\\header.php', 11)
 2 SYSTEMPATH\View\View.php(228): include('C:\\xampp\\htdocs\\ci4_agungdumadi\\app\\Views\\layout\\header.php')
 3 SYSTEMPATH\View\View.php(231): CodeIgniter\View\View->CodeIgniter\View\{closure}()
 4 SYSTEMPATH\Common.php(1178): CodeIgniter\View\View->render('layout/header', [], true)
 5 APPPATH\Controllers\Pages.php(17): view('layout/header')
 6 SYSTEMPATH\CodeIgniter.php(941): App\Controllers\Pages->about()
 7 SYSTEMPATH\CodeIgniter.php(502): CodeIgniter\CodeIgniter->runController(Object(App\Controllers\Pages))
 8 SYSTEMPATH\CodeIgniter.php(361): CodeIgniter\CodeIgniter->handleRequest(null, Object(Config\Cache), false)
 9 FCPATH\index.php(79): CodeIgniter\CodeIgniter->run()
10 SYSTEMPATH\Commands\Server\rewrite.php(47): require_once('C:\\xampp\\htdocs\\ci4_agungdumadi\\public\\index.php')
CRITICAL - 2024-03-07 04:05:06 --> ErrorException: Undefined variable $title
in APPPATH\Views\layout\header.php on line 11.
 1 APPPATH\Views\layout\header.php(11): CodeIgniter\Debug\Exceptions->errorHandler(2, 'Undefined variable $title', 'C:\\xampp\\htdocs\\ci4_agungdumadi\\app\\Views\\layout\\header.php', 11)
 2 SYSTEMPATH\View\View.php(228): include('C:\\xampp\\htdocs\\ci4_agungdumadi\\app\\Views\\layout\\header.php')
 3 SYSTEMPATH\View\View.php(231): CodeIgniter\View\View->CodeIgniter\View\{closure}()
 4 SYSTEMPATH\Common.php(1178): CodeIgniter\View\View->render('layout/header', [], true)
 5 APPPATH\Controllers\Pages.php(17): view('layout/header')
 6 SYSTEMPATH\CodeIgniter.php(941): App\Controllers\Pages->about()
 7 SYSTEMPATH\CodeIgniter.php(502): CodeIgniter\CodeIgniter->runController(Object(App\Controllers\Pages))
 8 SYSTEMPATH\CodeIgniter.php(361): CodeIgniter\CodeIgniter->handleRequest(null, Object(Config\Cache), false)
 9 FCPATH\index.php(79): CodeIgniter\CodeIgniter->run()
10 SYSTEMPATH\Commands\Server\rewrite.php(47): require_once('C:\\xampp\\htdocs\\ci4_agungdumadi\\public\\index.php')
CRITICAL - 2024-03-07 04:05:08 --> ErrorException: Undefined variable $title
in APPPATH\Views\layout\header.php on line 11.
 1 APPPATH\Views\layout\header.php(11): CodeIgniter\Debug\Exceptions->errorHandler(2, 'Undefined variable $title', 'C:\\xampp\\htdocs\\ci4_agungdumadi\\app\\Views\\layout\\header.php', 11)
 2 SYSTEMPATH\View\View.php(228): include('C:\\xampp\\htdocs\\ci4_agungdumadi\\app\\Views\\layout\\header.php')
 3 SYSTEMPATH\View\View.php(231): CodeIgniter\View\View->CodeIgniter\View\{closure}()
 4 SYSTEMPATH\Common.php(1178): CodeIgniter\View\View->render('layout/header', [], true)
 5 APPPATH\Controllers\Pages.php(17): view('layout/header')
 6 SYSTEMPATH\CodeIgniter.php(941): App\Controllers\Pages->about()
 7 SYSTEMPATH\CodeIgniter.php(502): CodeIgniter\CodeIgniter->runController(Object(App\Controllers\Pages))
 8 SYSTEMPATH\CodeIgniter.php(361): CodeIgniter\CodeIgniter->handleRequest(null, Object(Config\Cache), false)
 9 FCPATH\index.php(79): CodeIgniter\CodeIgniter->run()
10 SYSTEMPATH\Commands\Server\rewrite.php(47): require_once('C:\\xampp\\htdocs\\ci4_agungdumadi\\public\\index.php')
CRITICAL - 2024-03-07 04:32:11 --> ErrorException: Undefined property: CodeIgniter\View\View::$endsec
in APPPATH\Views\pages\Home.php on line 5.
 1 APPPATH\Views\pages\Home.php(5): CodeIgniter\Debug\Exceptions->errorHandler(2, 'Undefined property: CodeIgniter\\View\\View::$endsec', 'C:\\xampp\\htdocs\\ci4_agungdumadi\\app\\Views\\pages\\Home.php', 5)
 2 SYSTEMPATH\View\View.php(228): include('C:\\xampp\\htdocs\\ci4_agungdumadi\\app\\Views\\pages\\Home.php')
 3 SYSTEMPATH\View\View.php(231): CodeIgniter\View\View->CodeIgniter\View\{closure}()
 4 SYSTEMPATH\Common.php(1178): CodeIgniter\View\View->render('pages/Home', [], true)
 5 APPPATH\Controllers\Pages.php(13): view('pages/Home')
 6 SYSTEMPATH\CodeIgniter.php(941): App\Controllers\Pages->index()
 7 SYSTEMPATH\CodeIgniter.php(502): CodeIgniter\CodeIgniter->runController(Object(App\Controllers\Pages))
 8 SYSTEMPATH\CodeIgniter.php(361): CodeIgniter\CodeIgniter->handleRequest(null, Object(Config\Cache), false)
 9 FCPATH\index.php(79): CodeIgniter\CodeIgniter->run()
10 SYSTEMPATH\Commands\Server\rewrite.php(47): require_once('C:\\xampp\\htdocs\\ci4_agungdumadi\\public\\index.php')
CRITICAL - 2024-03-07 04:39:04 --> ErrorException: Undefined property: CodeIgniter\View\View::$endsec
in APPPATH\Views\pages\Home.php on line 5.
 1 APPPATH\Views\pages\Home.php(5): CodeIgniter\Debug\Exceptions->errorHandler(2, 'Undefined property: CodeIgniter\\View\\View::$endsec', 'C:\\xampp\\htdocs\\ci4_agungdumadi\\app\\Views\\pages\\Home.php', 5)
 2 SYSTEMPATH\View\View.php(228): include('C:\\xampp\\htdocs\\ci4_agungdumadi\\app\\Views\\pages\\Home.php')
 3 SYSTEMPATH\View\View.php(231): CodeIgniter\View\View->CodeIgniter\View\{closure}()
 4 SYSTEMPATH\Common.php(1178): CodeIgniter\View\View->render('pages/Home', [], true)
 5 APPPATH\Controllers\Pages.php(13): view('pages/Home')
 6 SYSTEMPATH\CodeIgniter.php(941): App\Controllers\Pages->index()
 7 SYSTEMPATH\CodeIgniter.php(502): CodeIgniter\CodeIgniter->runController(Object(App\Controllers\Pages))
 8 SYSTEMPATH\CodeIgniter.php(361): CodeIgniter\CodeIgniter->handleRequest(null, Object(Config\Cache), false)
 9 FCPATH\index.php(79): CodeIgniter\CodeIgniter->run()
10 SYSTEMPATH\Commands\Server\rewrite.php(47): require_once('C:\\xampp\\htdocs\\ci4_agungdumadi\\public\\index.php')
CRITICAL - 2024-03-07 04:42:05 --> ErrorException: Undefined property: CodeIgniter\View\View::$endsec
in APPPATH\Views\pages\Home.php on line 5.
 1 APPPATH\Views\pages\Home.php(5): CodeIgniter\Debug\Exceptions->errorHandler(2, 'Undefined property: CodeIgniter\\View\\View::$endsec', 'C:\\xampp\\htdocs\\ci4_agungdumadi\\app\\Views\\pages\\Home.php', 5)
 2 SYSTEMPATH\View\View.php(228): include('C:\\xampp\\htdocs\\ci4_agungdumadi\\app\\Views\\pages\\Home.php')
 3 SYSTEMPATH\View\View.php(231): CodeIgniter\View\View->CodeIgniter\View\{closure}()
 4 SYSTEMPATH\Common.php(1178): CodeIgniter\View\View->render('pages/Home', [], true)
 5 APPPATH\Controllers\Pages.php(13): view('pages/Home')
 6 SYSTEMPATH\CodeIgniter.php(941): App\Controllers\Pages->index()
 7 SYSTEMPATH\CodeIgniter.php(502): CodeIgniter\CodeIgniter->runController(Object(App\Controllers\Pages))
 8 SYSTEMPATH\CodeIgniter.php(361): CodeIgniter\CodeIgniter->handleRequest(null, Object(Config\Cache), false)
 9 FCPATH\index.php(79): CodeIgniter\CodeIgniter->run()
10 SYSTEMPATH\Commands\Server\rewrite.php(47): require_once('C:\\xampp\\htdocs\\ci4_agungdumadi\\public\\index.php')
CRITICAL - 2024-03-07 04:43:45 --> ErrorException: Undefined property: CodeIgniter\View\View::$endsec
in APPPATH\Views\pages\Home.php on line 5.
 1 APPPATH\Views\pages\Home.php(5): CodeIgniter\Debug\Exceptions->errorHandler(2, 'Undefined property: CodeIgniter\\View\\View::$endsec', 'C:\\xampp\\htdocs\\ci4_agungdumadi\\app\\Views\\pages\\Home.php', 5)
 2 SYSTEMPATH\View\View.php(228): include('C:\\xampp\\htdocs\\ci4_agungdumadi\\app\\Views\\pages\\Home.php')
 3 SYSTEMPATH\View\View.php(231): CodeIgniter\View\View->CodeIgniter\View\{closure}()
 4 SYSTEMPATH\Common.php(1178): CodeIgniter\View\View->render('pages/Home', [], true)
 5 APPPATH\Controllers\Pages.php(13): view('pages/Home')
 6 SYSTEMPATH\CodeIgniter.php(941): App\Controllers\Pages->index()
 7 SYSTEMPATH\CodeIgniter.php(502): CodeIgniter\CodeIgniter->runController(Object(App\Controllers\Pages))
 8 SYSTEMPATH\CodeIgniter.php(361): CodeIgniter\CodeIgniter->handleRequest(null, Object(Config\Cache), false)
 9 FCPATH\index.php(79): CodeIgniter\CodeIgniter->run()
10 SYSTEMPATH\Commands\Server\rewrite.php(47): require_once('C:\\xampp\\htdocs\\ci4_agungdumadi\\public\\index.php')
CRITICAL - 2024-03-07 04:43:46 --> ErrorException: Undefined property: CodeIgniter\View\View::$endsec
in APPPATH\Views\pages\Home.php on line 5.
 1 APPPATH\Views\pages\Home.php(5): CodeIgniter\Debug\Exceptions->errorHandler(2, 'Undefined property: CodeIgniter\\View\\View::$endsec', 'C:\\xampp\\htdocs\\ci4_agungdumadi\\app\\Views\\pages\\Home.php', 5)
 2 SYSTEMPATH\View\View.php(228): include('C:\\xampp\\htdocs\\ci4_agungdumadi\\app\\Views\\pages\\Home.php')
 3 SYSTEMPATH\View\View.php(231): CodeIgniter\View\View->CodeIgniter\View\{closure}()
 4 SYSTEMPATH\Common.php(1178): CodeIgniter\View\View->render('pages/Home', [], true)
 5 APPPATH\Controllers\Pages.php(13): view('pages/Home')
 6 SYSTEMPATH\CodeIgniter.php(941): App\Controllers\Pages->index()
 7 SYSTEMPATH\CodeIgniter.php(502): CodeIgniter\CodeIgniter->runController(Object(App\Controllers\Pages))
 8 SYSTEMPATH\CodeIgniter.php(361): CodeIgniter\CodeIgniter->handleRequest(null, Object(Config\Cache), false)
 9 FCPATH\index.php(79): CodeIgniter\CodeIgniter->run()
10 SYSTEMPATH\Commands\Server\rewrite.php(47): require_once('C:\\xampp\\htdocs\\ci4_agungdumadi\\public\\index.php')
CRITICAL - 2024-03-07 04:44:52 --> ErrorException: Undefined property: CodeIgniter\View\View::$endsec
in APPPATH\Views\pages\Home.php on line 5.
 1 APPPATH\Views\pages\Home.php(5): CodeIgniter\Debug\Exceptions->errorHandler(2, 'Undefined property: CodeIgniter\\View\\View::$endsec', 'C:\\xampp\\htdocs\\ci4_agungdumadi\\app\\Views\\pages\\Home.php', 5)
 2 SYSTEMPATH\View\View.php(228): include('C:\\xampp\\htdocs\\ci4_agungdumadi\\app\\Views\\pages\\Home.php')
 3 SYSTEMPATH\View\View.php(231): CodeIgniter\View\View->CodeIgniter\View\{closure}()
 4 SYSTEMPATH\Common.php(1178): CodeIgniter\View\View->render('pages/Home', [], true)
 5 APPPATH\Controllers\Pages.php(12): view('pages/Home')
 6 SYSTEMPATH\CodeIgniter.php(941): App\Controllers\Pages->index()
 7 SYSTEMPATH\CodeIgniter.php(502): CodeIgniter\CodeIgniter->runController(Object(App\Controllers\Pages))
 8 SYSTEMPATH\CodeIgniter.php(361): CodeIgniter\CodeIgniter->handleRequest(null, Object(Config\Cache), false)
 9 FCPATH\index.php(79): CodeIgniter\CodeIgniter->run()
10 SYSTEMPATH\Commands\Server\rewrite.php(47): require_once('C:\\xampp\\htdocs\\ci4_agungdumadi\\public\\index.php')
